	Command being timed: "java -Xmx4g -Dreference_fasta=/home/wong.b/onj_DURATION/hg19_BW/hg19.fa -Dsamjdk.use_async_io_read_samtools=true -Dsamjdk.use_async_io_write_samtools=true -Dsamjdk.use_async_io_write_tribble=true -Dsamjdk.buffer_size=4194304 -cp /home/wong.b/onj_DURATION/gridss_files/gridss-2.9.2//gridss-2.9.2-gridss-jar-with-dependencies.jar gridss.PrepareReference REFERENCE_SEQUENCE=/home/wong.b/onj_DURATION/hg19_BW/hg19.fa"
	User time (seconds): 0.71
	System time (seconds): 0.06
	Percent of CPU this job got: 81%
	Elapsed (wall clock) time (h:mm:ss or m:ss): 0:00.96
	Average shared text size (kbytes): 0
	Average unshared data size (kbytes): 0
	Average stack size (kbytes): 0
	Average total size (kbytes): 0
	Maximum resident set size (kbytes): 82560
	Average resident set size (kbytes): 0
	Major (requiring I/O) page faults: 0
	Minor (reclaiming a frame) page faults: 13402
	Voluntary context switches: 2568
	Involuntary context switches: 16
	Swaps: 0
	File system inputs: 7680
	File system outputs: 1304
	Socket messages sent: 0
	Socket messages received: 0
	Signals delivered: 0
	Page size (bytes): 4096
	Exit status: 0
	Command being timed: "java -Xmx4g -Dreference_fasta=/home/wong.b/onj_DURATION/hg19_BW/hg19.fa -Dsamjdk.use_async_io_read_samtools=true -Dsamjdk.use_async_io_write_samtools=true -Dsamjdk.use_async_io_write_tribble=true -Dsamjdk.buffer_size=4194304 -cp /home/wong.b/onj_DURATION/gridss_files/gridss-2.9.2//gridss-2.9.2-gridss-jar-with-dependencies.jar gridss.analysis.CollectGridssMetrics TMP_DIR=/home/wong.b/onj_DURATION/processing/MESO/gridss/MESO_122/CL1000074821_merged.bam.gridss.working ASSUME_SORTED=true I=/home/wong.b/onj_DURATION/processing/BGI_public/CL1000074821_merged.bam O=/home/wong.b/onj_DURATION/processing/MESO/gridss/MESO_122/CL1000074821_merged.bam.gridss.working/tmp.CL1000074821_merged.bam THRESHOLD_COVERAGE=50000 FILE_EXTENSION=null GRIDSS_PROGRAM=null PROGRAM=null PROGRAM=CollectInsertSizeMetrics STOP_AFTER=10000000"
	User time (seconds): 63.97
	System time (seconds): 2.29
	Percent of CPU this job got: 188%
	Elapsed (wall clock) time (h:mm:ss or m:ss): 0:35.12
	Average shared text size (kbytes): 0
	Average unshared data size (kbytes): 0
	Average stack size (kbytes): 0
	Average total size (kbytes): 0
	Maximum resident set size (kbytes): 1546032
	Average resident set size (kbytes): 0
	Major (requiring I/O) page faults: 2
	Minor (reclaiming a frame) page faults: 117909
	Voluntary context switches: 177050
	Involuntary context switches: 602
	Swaps: 0
	File system inputs: 3968
	File system outputs: 208
	Socket messages sent: 0
	Socket messages received: 0
	Signals delivered: 0
	Page size (bytes): 4096
	Exit status: 0
	Command being timed: "java -Xmx4g -Dreference_fasta=/home/wong.b/onj_DURATION/hg19_BW/hg19.fa -Dsamjdk.use_async_io_read_samtools=true -Dsamjdk.use_async_io_write_samtools=true -Dsamjdk.use_async_io_write_tribble=true -Dsamjdk.buffer_size=4194304 -cp /home/wong.b/onj_DURATION/gridss_files/gridss-2.9.2//gridss-2.9.2-gridss-jar-with-dependencies.jar gridss.CollectGridssMetricsAndExtractSVReads TMP_DIR=/home/wong.b/onj_DURATION/processing/MESO/gridss/MESO_122/CL1000074821_merged.bam.gridss.working ASSUME_SORTED=true I=/home/wong.b/onj_DURATION/processing/BGI_public/CL1000074821_merged.bam O=/home/wong.b/onj_DURATION/processing/MESO/gridss/MESO_122/CL1000074821_merged.bam.gridss.working/CL1000074821_merged.bam THRESHOLD_COVERAGE=50000 FILE_EXTENSION=null GRIDSS_PROGRAM=null GRIDSS_PROGRAM=CollectCigarMetrics GRIDSS_PROGRAM=CollectMapqMetrics GRIDSS_PROGRAM=CollectTagMetrics GRIDSS_PROGRAM=CollectIdsvMetrics GRIDSS_PROGRAM=ReportThresholdCoverage PROGRAM=null PROGRAM=CollectInsertSizeMetrics SV_OUTPUT=/dev/stdout COMPRESSION_LEVEL=0 METRICS_OUTPUT=/home/wong.b/onj_DURATION/processing/MESO/gridss/MESO_122/CL1000074821_merged.bam.gridss.working/CL1000074821_merged.bam.sv_metrics INSERT_SIZE_METRICS=/home/wong.b/onj_DURATION/processing/MESO/gridss/MESO_122/CL1000074821_merged.bam.gridss.working/tmp.CL1000074821_merged.bam.insert_size_metrics UNMAPPED_READS=false MIN_CLIP_LENGTH=5 INCLUDE_DUPLICATES=true"
	User time (seconds): 6033.17
	System time (seconds): 272.14
	Percent of CPU this job got: 471%
	Elapsed (wall clock) time (h:mm:ss or m:ss): 22:18.51
	Average shared text size (kbytes): 0
	Average unshared data size (kbytes): 0
	Average stack size (kbytes): 0
	Average total size (kbytes): 0
	Maximum resident set size (kbytes): 1868524
	Average resident set size (kbytes): 0
	Major (requiring I/O) page faults: 2
	Minor (reclaiming a frame) page faults: 1185986
	Voluntary context switches: 43936311
	Involuntary context switches: 86557
	Swaps: 0
	File system inputs: 31360
	File system outputs: 1840
	Socket messages sent: 0
	Socket messages received: 0
	Signals delivered: 0
	Page size (bytes): 4096
	Exit status: 0
	Command being timed: "samtools sort -n -T /home/wong.b/onj_DURATION/processing/MESO/gridss/MESO_122/CL1000074821_merged.bam.gridss.working/tmp.CL1000074821_merged.bam.namedsorted-tmp -Obam -o /home/wong.b/onj_DURATION/processing/MESO/gridss/MESO_122/CL1000074821_merged.bam.gridss.working/tmp.CL1000074821_merged.bam.namedsorted.bam -@ 8 /dev/stdin"
	User time (seconds): 2349.77
	System time (seconds): 34.58
	Percent of CPU this job got: 148%
	Elapsed (wall clock) time (h:mm:ss or m:ss): 26:45.58
	Average shared text size (kbytes): 0
	Average unshared data size (kbytes): 0
	Average stack size (kbytes): 0
	Average total size (kbytes): 0
	Maximum resident set size (kbytes): 6959840
	Average resident set size (kbytes): 0
	Major (requiring I/O) page faults: 0
	Minor (reclaiming a frame) page faults: 3743787
	Voluntary context switches: 903181
	Involuntary context switches: 21827
	Swaps: 0
	File system inputs: 7497600
	File system outputs: 0
	Socket messages sent: 0
	Socket messages received: 0
	Signals delivered: 0
	Page size (bytes): 4096
	Exit status: 0
	Command being timed: "java -Xmx4g -Dreference_fasta=/home/wong.b/onj_DURATION/hg19_BW/hg19.fa -Dsamjdk.use_async_io_read_samtools=true -Dsamjdk.use_async_io_write_samtools=true -Dsamjdk.use_async_io_write_tribble=true -Dsamjdk.buffer_size=4194304 -cp /home/wong.b/onj_DURATION/gridss_files/gridss-2.9.2//gridss-2.9.2-gridss-jar-with-dependencies.jar gridss.PreprocessForBreakendAssembly TMP_DIR=/home/wong.b/onj_DURATION/processing/MESO/gridss/MESO_122/CL1000074821_merged.bam.gridss.working WORKING_DIR=/home/wong.b/onj_DURATION/processing/MESO/gridss/MESO_122 REFERENCE_SEQUENCE=/home/wong.b/onj_DURATION/hg19_BW/hg19.fa COMPRESSION_LEVEL=0 I=/home/wong.b/onj_DURATION/processing/MESO/gridss/MESO_122/CL1000074821_merged.bam.gridss.working/tmp.CL1000074821_merged.bam.namedsorted.bam O=/dev/stdout WORKER_THREADS=8 ALIGNER=BWAMEM ALIGNER_BATCH_SIZE=10000"
	User time (seconds): 2636.64
	System time (seconds): 110.03
	Percent of CPU this job got: 124%
	Elapsed (wall clock) time (h:mm:ss or m:ss): 36:40.01
	Average shared text size (kbytes): 0
	Average unshared data size (kbytes): 0
	Average stack size (kbytes): 0
	Average total size (kbytes): 0
	Maximum resident set size (kbytes): 7196376
	Average resident set size (kbytes): 0
	Major (requiring I/O) page faults: 1319912
	Minor (reclaiming a frame) page faults: 577983
	Voluntary context switches: 17667192
	Involuntary context switches: 144768
	Swaps: 0
	File system inputs: 153014744
	File system outputs: 2328
	Socket messages sent: 0
	Socket messages received: 0
	Signals delivered: 0
	Page size (bytes): 4096
	Exit status: 0
	Command being timed: "samtools sort -@ 8 -T /home/wong.b/onj_DURATION/processing/MESO/gridss/MESO_122/CL1000074821_merged.bam.gridss.working/tmp.CL1000074821_merged.bam.sc2sr.suppsorted.sv-tmp -Obam -o /home/wong.b/onj_DURATION/processing/MESO/gridss/MESO_122/CL1000074821_merged.bam.gridss.working/CL1000074821_merged.bam.sv.tmp.bam /dev/stdin"
	User time (seconds): 2398.67
	System time (seconds): 31.88
	Percent of CPU this job got: 98%
	Elapsed (wall clock) time (h:mm:ss or m:ss): 40:56.13
	Average shared text size (kbytes): 0
	Average unshared data size (kbytes): 0
	Average stack size (kbytes): 0
	Average total size (kbytes): 0
	Maximum resident set size (kbytes): 6851040
	Average resident set size (kbytes): 0
	Major (requiring I/O) page faults: 0
	Minor (reclaiming a frame) page faults: 3665980
	Voluntary context switches: 999670
	Involuntary context switches: 27380
	Swaps: 0
	File system inputs: 61568
	File system outputs: 0
	Socket messages sent: 0
	Socket messages received: 0
	Signals delivered: 0
	Page size (bytes): 4096
	Exit status: 0
	Command being timed: "samtools index /home/wong.b/onj_DURATION/processing/MESO/gridss/MESO_122/CL1000074821_merged.bam.gridss.working/CL1000074821_merged.bam.sv.tmp.bam"
	User time (seconds): 149.31
	System time (seconds): 3.72
	Percent of CPU this job got: 80%
	Elapsed (wall clock) time (h:mm:ss or m:ss): 3:09.35
	Average shared text size (kbytes): 0
	Average unshared data size (kbytes): 0
	Average stack size (kbytes): 0
	Average total size (kbytes): 0
	Maximum resident set size (kbytes): 20768
	Average resident set size (kbytes): 0
	Major (requiring I/O) page faults: 0
	Minor (reclaiming a frame) page faults: 9414
	Voluntary context switches: 4856
	Involuntary context switches: 295
	Swaps: 0
	File system inputs: 256
	File system outputs: 0
	Socket messages sent: 0
	Socket messages received: 0
	Signals delivered: 0
	Page size (bytes): 4096
	Exit status: 0
	Command being timed: "java -Xmx4g -Dreference_fasta=/home/wong.b/onj_DURATION/hg19_BW/hg19.fa -Dsamjdk.use_async_io_read_samtools=true -Dsamjdk.use_async_io_write_samtools=true -Dsamjdk.use_async_io_write_tribble=true -Dsamjdk.buffer_size=4194304 -cp /home/wong.b/onj_DURATION/gridss_files/gridss-2.9.2//gridss-2.9.2-gridss-jar-with-dependencies.jar gridss.analysis.CollectGridssMetrics TMP_DIR=/home/wong.b/onj_DURATION/processing/MESO/gridss/MESO_122/MESO_122_sort_mark.bam.gridss.working ASSUME_SORTED=true I=/home/wong.b/onj_DURATION/processing/MESO/MESO_122_process/MESO_122_sort_mark.bam O=/home/wong.b/onj_DURATION/processing/MESO/gridss/MESO_122/MESO_122_sort_mark.bam.gridss.working/tmp.MESO_122_sort_mark.bam THRESHOLD_COVERAGE=50000 FILE_EXTENSION=null GRIDSS_PROGRAM=null PROGRAM=null PROGRAM=CollectInsertSizeMetrics STOP_AFTER=10000000"
	User time (seconds): 61.33
	System time (seconds): 2.84
	Percent of CPU this job got: 150%
	Elapsed (wall clock) time (h:mm:ss or m:ss): 0:42.54
	Average shared text size (kbytes): 0
	Average unshared data size (kbytes): 0
	Average stack size (kbytes): 0
	Average total size (kbytes): 0
	Maximum resident set size (kbytes): 1502992
	Average resident set size (kbytes): 0
	Major (requiring I/O) page faults: 2
	Minor (reclaiming a frame) page faults: 152176
	Voluntary context switches: 218403
	Involuntary context switches: 461
	Swaps: 0
	File system inputs: 9856
	File system outputs: 200
	Socket messages sent: 0
	Socket messages received: 0
	Signals delivered: 0
	Page size (bytes): 4096
	Exit status: 0
	Command being timed: "java -Xmx4g -Dreference_fasta=/home/wong.b/onj_DURATION/hg19_BW/hg19.fa -Dsamjdk.use_async_io_read_samtools=true -Dsamjdk.use_async_io_write_samtools=true -Dsamjdk.use_async_io_write_tribble=true -Dsamjdk.buffer_size=4194304 -cp /home/wong.b/onj_DURATION/gridss_files/gridss-2.9.2//gridss-2.9.2-gridss-jar-with-dependencies.jar gridss.CollectGridssMetricsAndExtractSVReads TMP_DIR=/home/wong.b/onj_DURATION/processing/MESO/gridss/MESO_122/MESO_122_sort_mark.bam.gridss.working ASSUME_SORTED=true I=/home/wong.b/onj_DURATION/processing/MESO/MESO_122_process/MESO_122_sort_mark.bam O=/home/wong.b/onj_DURATION/processing/MESO/gridss/MESO_122/MESO_122_sort_mark.bam.gridss.working/MESO_122_sort_mark.bam THRESHOLD_COVERAGE=50000 FILE_EXTENSION=null GRIDSS_PROGRAM=null GRIDSS_PROGRAM=CollectCigarMetrics GRIDSS_PROGRAM=CollectMapqMetrics GRIDSS_PROGRAM=CollectTagMetrics GRIDSS_PROGRAM=CollectIdsvMetrics GRIDSS_PROGRAM=ReportThresholdCoverage PROGRAM=null PROGRAM=CollectInsertSizeMetrics SV_OUTPUT=/dev/stdout COMPRESSION_LEVEL=0 METRICS_OUTPUT=/home/wong.b/onj_DURATION/processing/MESO/gridss/MESO_122/MESO_122_sort_mark.bam.gridss.working/MESO_122_sort_mark.bam.sv_metrics INSERT_SIZE_METRICS=/home/wong.b/onj_DURATION/processing/MESO/gridss/MESO_122/MESO_122_sort_mark.bam.gridss.working/tmp.MESO_122_sort_mark.bam.insert_size_metrics UNMAPPED_READS=false MIN_CLIP_LENGTH=5 INCLUDE_DUPLICATES=true"
	User time (seconds): 3651.79
	System time (seconds): 188.50
	Percent of CPU this job got: 368%
	Elapsed (wall clock) time (h:mm:ss or m:ss): 17:23.25
	Average shared text size (kbytes): 0
	Average unshared data size (kbytes): 0
	Average stack size (kbytes): 0
	Average total size (kbytes): 0
	Maximum resident set size (kbytes): 1913904
	Average resident set size (kbytes): 0
	Major (requiring I/O) page faults: 2
	Minor (reclaiming a frame) page faults: 2297617
	Voluntary context switches: 27624476
	Involuntary context switches: 39408
	Swaps: 0
	File system inputs: 26880
	File system outputs: 1504
	Socket messages sent: 0
	Socket messages received: 0
	Signals delivered: 0
	Page size (bytes): 4096
	Exit status: 0
	Command being timed: "samtools sort -n -T /home/wong.b/onj_DURATION/processing/MESO/gridss/MESO_122/MESO_122_sort_mark.bam.gridss.working/tmp.MESO_122_sort_mark.bam.namedsorted-tmp -Obam -o /home/wong.b/onj_DURATION/processing/MESO/gridss/MESO_122/MESO_122_sort_mark.bam.gridss.working/tmp.MESO_122_sort_mark.bam.namedsorted.bam -@ 8 /dev/stdin"
	User time (seconds): 1550.18
	System time (seconds): 16.78
	Percent of CPU this job got: 129%
	Elapsed (wall clock) time (h:mm:ss or m:ss): 20:05.85
	Average shared text size (kbytes): 0
	Average unshared data size (kbytes): 0
	Average stack size (kbytes): 0
	Average total size (kbytes): 0
	Maximum resident set size (kbytes): 6960660
	Average resident set size (kbytes): 0
	Major (requiring I/O) page faults: 0
	Minor (reclaiming a frame) page faults: 3660455
	Voluntary context switches: 542792
	Involuntary context switches: 16918
	Swaps: 0
	File system inputs: 6144
	File system outputs: 0
	Socket messages sent: 0
	Socket messages received: 0
	Signals delivered: 0
	Page size (bytes): 4096
	Exit status: 0
	Command being timed: "java -Xmx4g -Dreference_fasta=/home/wong.b/onj_DURATION/hg19_BW/hg19.fa -Dsamjdk.use_async_io_read_samtools=true -Dsamjdk.use_async_io_write_samtools=true -Dsamjdk.use_async_io_write_tribble=true -Dsamjdk.buffer_size=4194304 -cp /home/wong.b/onj_DURATION/gridss_files/gridss-2.9.2//gridss-2.9.2-gridss-jar-with-dependencies.jar gridss.PreprocessForBreakendAssembly TMP_DIR=/home/wong.b/onj_DURATION/processing/MESO/gridss/MESO_122/MESO_122_sort_mark.bam.gridss.working WORKING_DIR=/home/wong.b/onj_DURATION/processing/MESO/gridss/MESO_122 REFERENCE_SEQUENCE=/home/wong.b/onj_DURATION/hg19_BW/hg19.fa COMPRESSION_LEVEL=0 I=/home/wong.b/onj_DURATION/processing/MESO/gridss/MESO_122/MESO_122_sort_mark.bam.gridss.working/tmp.MESO_122_sort_mark.bam.namedsorted.bam O=/dev/stdout WORKER_THREADS=8 ALIGNER=BWAMEM ALIGNER_BATCH_SIZE=10000"
	User time (seconds): 3350.55
	System time (seconds): 47.83
	Percent of CPU this job got: 609%
	Elapsed (wall clock) time (h:mm:ss or m:ss): 9:17.70
	Average shared text size (kbytes): 0
	Average unshared data size (kbytes): 0
	Average stack size (kbytes): 0
	Average total size (kbytes): 0
	Maximum resident set size (kbytes): 7194640
	Average resident set size (kbytes): 0
	Major (requiring I/O) page faults: 300
	Minor (reclaiming a frame) page faults: 1914553
	Voluntary context switches: 6094152
	Involuntary context switches: 181004
	Swaps: 0
	File system inputs: 49056
	File system outputs: 784
	Socket messages sent: 0
	Socket messages received: 0
	Signals delivered: 0
	Page size (bytes): 4096
	Exit status: 0
	Command being timed: "samtools sort -@ 8 -T /home/wong.b/onj_DURATION/processing/MESO/gridss/MESO_122/MESO_122_sort_mark.bam.gridss.working/tmp.MESO_122_sort_mark.bam.sc2sr.suppsorted.sv-tmp -Obam -o /home/wong.b/onj_DURATION/processing/MESO/gridss/MESO_122/MESO_122_sort_mark.bam.gridss.working/MESO_122_sort_mark.bam.sv.tmp.bam /dev/stdin"
	User time (seconds): 1668.46
	System time (seconds): 19.49
	Percent of CPU this job got: 228%
	Elapsed (wall clock) time (h:mm:ss or m:ss): 12:18.90
	Average shared text size (kbytes): 0
	Average unshared data size (kbytes): 0
	Average stack size (kbytes): 0
	Average total size (kbytes): 0
	Maximum resident set size (kbytes): 6850512
	Average resident set size (kbytes): 0
	Major (requiring I/O) page faults: 0
	Minor (reclaiming a frame) page faults: 3531208
	Voluntary context switches: 666776
	Involuntary context switches: 14735
	Swaps: 0
	File system inputs: 9216
	File system outputs: 0
	Socket messages sent: 0
	Socket messages received: 0
	Signals delivered: 0
	Page size (bytes): 4096
	Exit status: 0
	Command being timed: "samtools index /home/wong.b/onj_DURATION/processing/MESO/gridss/MESO_122/MESO_122_sort_mark.bam.gridss.working/MESO_122_sort_mark.bam.sv.tmp.bam"
	User time (seconds): 102.47
	System time (seconds): 2.42
	Percent of CPU this job got: 88%
	Elapsed (wall clock) time (h:mm:ss or m:ss): 1:57.91
	Average shared text size (kbytes): 0
	Average unshared data size (kbytes): 0
	Average stack size (kbytes): 0
	Average total size (kbytes): 0
	Maximum resident set size (kbytes): 21656
	Average resident set size (kbytes): 0
	Major (requiring I/O) page faults: 0
	Minor (reclaiming a frame) page faults: 9116
	Voluntary context switches: 2214
	Involuntary context switches: 150
	Swaps: 0
	File system inputs: 256
	File system outputs: 0
	Socket messages sent: 0
	Socket messages received: 0
	Signals delivered: 0
	Page size (bytes): 4096
	Exit status: 0
	Command being timed: "java -Xmx25g -Dreference_fasta=/home/wong.b/onj_DURATION/hg19_BW/hg19.fa -Dsamjdk.use_async_io_read_samtools=true -Dsamjdk.use_async_io_write_samtools=true -Dsamjdk.use_async_io_write_tribble=true -Dsamjdk.buffer_size=4194304 -Dgridss.gridss.output_to_temp_file=true -cp /home/wong.b/onj_DURATION/gridss_files/gridss-2.9.2//gridss-2.9.2-gridss-jar-with-dependencies.jar gridss.AssembleBreakends JOB_INDEX=0 JOB_NODES=1 TMP_DIR=/home/wong.b/onj_DURATION/processing/MESO/gridss/MESO_122 WORKING_DIR=/home/wong.b/onj_DURATION/processing/MESO/gridss/MESO_122 REFERENCE_SEQUENCE=/home/wong.b/onj_DURATION/hg19_BW/hg19.fa WORKER_THREADS=8 O=/home/wong.b/onj_DURATION/processing/MESO/gridss/MESO_122/MESO_122.assembly.bam INPUT=/home/wong.b/onj_DURATION/processing/BGI_public/CL1000074821_merged.bam INPUT=/home/wong.b/onj_DURATION/processing/MESO/MESO_122_process/MESO_122_sort_mark.bam BLACKLIST=/home/wong.b/onj_DURATION/hg19_BW/wgEncodeDacMapabilityConsensusExcludable.bed"
	User time (seconds): 16895.00
	System time (seconds): 108.51
	Percent of CPU this job got: 760%
	Elapsed (wall clock) time (h:mm:ss or m:ss): 37:14.89
	Average shared text size (kbytes): 0
	Average unshared data size (kbytes): 0
	Average stack size (kbytes): 0
	Average total size (kbytes): 0
	Maximum resident set size (kbytes): 18828104
	Average resident set size (kbytes): 0
	Major (requiring I/O) page faults: 5
	Minor (reclaiming a frame) page faults: 2768064
	Voluntary context switches: 7825612
	Involuntary context switches: 1985302
	Swaps: 0
	File system inputs: 53001230
	File system outputs: 2984
	Socket messages sent: 0
	Socket messages received: 0
	Signals delivered: 0
	Page size (bytes): 4096
	Exit status: 0
	Command being timed: "java -Xmx4g -Dreference_fasta=/home/wong.b/onj_DURATION/hg19_BW/hg19.fa -Dsamjdk.use_async_io_read_samtools=true -Dsamjdk.use_async_io_write_samtools=true -Dsamjdk.use_async_io_write_tribble=true -Dsamjdk.buffer_size=4194304 -cp /home/wong.b/onj_DURATION/gridss_files/gridss-2.9.2//gridss-2.9.2-gridss-jar-with-dependencies.jar gridss.analysis.CollectGridssMetrics I=/home/wong.b/onj_DURATION/processing/MESO/gridss/MESO_122/MESO_122.assembly.bam O=/home/wong.b/onj_DURATION/processing/MESO/gridss/MESO_122/MESO_122.assembly.bam.gridss.working//MESO_122.assembly.bam REFERENCE_SEQUENCE=/home/wong.b/onj_DURATION/hg19_BW/hg19.fa THRESHOLD_COVERAGE=50000 TMP_DIR=/home/wong.b/onj_DURATION/processing/MESO/gridss/MESO_122 FILE_EXTENSION=null GRIDSS_PROGRAM=null GRIDSS_PROGRAM=CollectCigarMetrics GRIDSS_PROGRAM=CollectMapqMetrics GRIDSS_PROGRAM=CollectTagMetrics GRIDSS_PROGRAM=CollectIdsvMetrics GRIDSS_PROGRAM=ReportThresholdCoverage PROGRAM=null PROGRAM=QualityScoreDistribution"
	User time (seconds): 25.60
	System time (seconds): 2.43
	Percent of CPU this job got: 122%
	Elapsed (wall clock) time (h:mm:ss or m:ss): 0:22.87
	Average shared text size (kbytes): 0
	Average unshared data size (kbytes): 0
	Average stack size (kbytes): 0
	Average total size (kbytes): 0
	Maximum resident set size (kbytes): 2006716
	Average resident set size (kbytes): 0
	Major (requiring I/O) page faults: 2
	Minor (reclaiming a frame) page faults: 80333
	Voluntary context switches: 91697
	Involuntary context switches: 1995
	Swaps: 0
	File system inputs: 45056
	File system outputs: 72
	Socket messages sent: 0
	Socket messages received: 0
	Signals delivered: 0
	Page size (bytes): 4096
	Exit status: 0
	Command being timed: "java -Xmx4g -Dreference_fasta=/home/wong.b/onj_DURATION/hg19_BW/hg19.fa -Dsamjdk.use_async_io_read_samtools=true -Dsamjdk.use_async_io_write_samtools=true -Dsamjdk.use_async_io_write_tribble=true -Dsamjdk.buffer_size=4194304 -Dgridss.async.buffersize=16 -Dsamjdk.create_index=false -Dgridss.gridss.output_to_temp_file=true -cp /home/wong.b/onj_DURATION/gridss_files/gridss-2.9.2//gridss-2.9.2-gridss-jar-with-dependencies.jar gridss.SoftClipsToSplitReads TMP_DIR=/home/wong.b/onj_DURATION/processing/MESO/gridss/MESO_122/MESO_122.assembly.bam.gridss.working/ WORKING_DIR=/home/wong.b/onj_DURATION/processing/MESO/gridss/MESO_122 REFERENCE_SEQUENCE=/home/wong.b/onj_DURATION/hg19_BW/hg19.fa WORKER_THREADS=8 I=/home/wong.b/onj_DURATION/processing/MESO/gridss/MESO_122/MESO_122.assembly.bam O=/dev/stdout ALIGNER=BWAMEM ALIGNER_BATCH_SIZE=100000 REALIGN_ANCHORING_BASES=true READJUST_PRIMARY_ALIGNMENT_POSITON=true COMPRESSION_LEVEL=0"
	User time (seconds): 918.57
	System time (seconds): 16.20
	Percent of CPU this job got: 561%
	Elapsed (wall clock) time (h:mm:ss or m:ss): 2:46.43
	Average shared text size (kbytes): 0
	Average unshared data size (kbytes): 0
	Average stack size (kbytes): 0
	Average total size (kbytes): 0
	Maximum resident set size (kbytes): 8991336
	Average resident set size (kbytes): 0
	Major (requiring I/O) page faults: 5
	Minor (reclaiming a frame) page faults: 2913262
	Voluntary context switches: 2250397
	Involuntary context switches: 21792
	Swaps: 0
	File system inputs: 336424
	File system outputs: 264
	Socket messages sent: 0
	Socket messages received: 0
	Signals delivered: 0
	Page size (bytes): 4096
	Exit status: 0
	Command being timed: "samtools sort -@ 8 -T /home/wong.b/onj_DURATION/processing/MESO/gridss/MESO_122/MESO_122.assembly.bam.gridss.working//tmp.MESO_122.assembly.bam.sc2sr.suppsorted.sv-tmp -Obam -o /home/wong.b/onj_DURATION/processing/MESO/gridss/MESO_122/MESO_122.assembly.bam.gridss.working//MESO_122.assembly.bam.sv.tmp.bam /dev/stdin"
	User time (seconds): 59.25
	System time (seconds): 3.49
	Percent of CPU this job got: 35%
	Elapsed (wall clock) time (h:mm:ss or m:ss): 2:55.53
	Average shared text size (kbytes): 0
	Average unshared data size (kbytes): 0
	Average stack size (kbytes): 0
	Average total size (kbytes): 0
	Maximum resident set size (kbytes): 2415656
	Average resident set size (kbytes): 0
	Major (requiring I/O) page faults: 0
	Minor (reclaiming a frame) page faults: 1270454
	Voluntary context switches: 88907
	Involuntary context switches: 2102
	Swaps: 0
	File system inputs: 0
	File system outputs: 0
	Socket messages sent: 0
	Socket messages received: 0
	Signals delivered: 0
	Page size (bytes): 4096
	Exit status: 0
	Command being timed: "samtools index /home/wong.b/onj_DURATION/processing/MESO/gridss/MESO_122/MESO_122.assembly.bam.gridss.working//MESO_122.assembly.bam.sv.tmp.bam"
	User time (seconds): 8.83
	System time (seconds): 0.24
	Percent of CPU this job got: 99%
	Elapsed (wall clock) time (h:mm:ss or m:ss): 0:09.09
	Average shared text size (kbytes): 0
	Average unshared data size (kbytes): 0
	Average stack size (kbytes): 0
	Average total size (kbytes): 0
	Maximum resident set size (kbytes): 17528
	Average resident set size (kbytes): 0
	Major (requiring I/O) page faults: 0
	Minor (reclaiming a frame) page faults: 7666
	Voluntary context switches: 11
	Involuntary context switches: 43
	Swaps: 0
	File system inputs: 256
	File system outputs: 0
	Socket messages sent: 0
	Socket messages received: 0
	Signals delivered: 0
	Page size (bytes): 4096
	Exit status: 0
	Command being timed: "java -Xmx25g -Dreference_fasta=/home/wong.b/onj_DURATION/hg19_BW/hg19.fa -Dsamjdk.use_async_io_read_samtools=true -Dsamjdk.use_async_io_write_samtools=true -Dsamjdk.use_async_io_write_tribble=true -Dsamjdk.buffer_size=4194304 -Dgridss.output_to_temp_file=true -cp /home/wong.b/onj_DURATION/gridss_files/gridss-2.9.2//gridss-2.9.2-gridss-jar-with-dependencies.jar gridss.IdentifyVariants TMP_DIR=/home/wong.b/onj_DURATION/processing/MESO/gridss/MESO_122 WORKING_DIR=/home/wong.b/onj_DURATION/processing/MESO/gridss/MESO_122 REFERENCE_SEQUENCE=/home/wong.b/onj_DURATION/hg19_BW/hg19.fa WORKER_THREADS=8 INPUT=/home/wong.b/onj_DURATION/processing/BGI_public/CL1000074821_merged.bam INPUT=/home/wong.b/onj_DURATION/processing/MESO/MESO_122_process/MESO_122_sort_mark.bam BLACKLIST=/home/wong.b/onj_DURATION/hg19_BW/wgEncodeDacMapabilityConsensusExcludable.bed ASSEMBLY=/home/wong.b/onj_DURATION/processing/MESO/gridss/MESO_122/MESO_122.assembly.bam OUTPUT_VCF=/home/wong.b/onj_DURATION/processing/MESO/gridss/MESO_122/MESO_122.gridss.vcf.gridss.working/MESO_122.gridss.vcf.unallocated.vcf"
	User time (seconds): 1535.26
	System time (seconds): 71.65
	Percent of CPU this job got: 564%
	Elapsed (wall clock) time (h:mm:ss or m:ss): 4:44.57
	Average shared text size (kbytes): 0
	Average unshared data size (kbytes): 0
	Average stack size (kbytes): 0
	Average total size (kbytes): 0
	Maximum resident set size (kbytes): 11755656
	Average resident set size (kbytes): 0
	Major (requiring I/O) page faults: 7
	Minor (reclaiming a frame) page faults: 1400155
	Voluntary context switches: 8554495
	Involuntary context switches: 629213
	Swaps: 0
	File system inputs: 31132848
	File system outputs: 472
	Socket messages sent: 0
	Socket messages received: 0
	Signals delivered: 0
	Page size (bytes): 4096
	Exit status: 0
	Command being timed: "java -Xmx25g -Dreference_fasta=/home/wong.b/onj_DURATION/hg19_BW/hg19.fa -Dsamjdk.use_async_io_read_samtools=true -Dsamjdk.use_async_io_write_samtools=true -Dsamjdk.use_async_io_write_tribble=true -Dsamjdk.buffer_size=4194304 -Dgridss.output_to_temp_file=true -Dgridss.async.buffersize=2048 -cp /home/wong.b/onj_DURATION/gridss_files/gridss-2.9.2//gridss-2.9.2-gridss-jar-with-dependencies.jar gridss.AnnotateVariants TMP_DIR=/home/wong.b/onj_DURATION/processing/MESO/gridss/MESO_122 WORKING_DIR=/home/wong.b/onj_DURATION/processing/MESO/gridss/MESO_122 REFERENCE_SEQUENCE=/home/wong.b/onj_DURATION/hg19_BW/hg19.fa WORKER_THREADS=8 INPUT=/home/wong.b/onj_DURATION/processing/BGI_public/CL1000074821_merged.bam INPUT=/home/wong.b/onj_DURATION/processing/MESO/MESO_122_process/MESO_122_sort_mark.bam BLACKLIST=/home/wong.b/onj_DURATION/hg19_BW/wgEncodeDacMapabilityConsensusExcludable.bed ASSEMBLY=/home/wong.b/onj_DURATION/processing/MESO/gridss/MESO_122/MESO_122.assembly.bam INPUT_VCF=/home/wong.b/onj_DURATION/processing/MESO/gridss/MESO_122/MESO_122.gridss.vcf.gridss.working/MESO_122.gridss.vcf.unallocated.vcf OUTPUT_VCF=/home/wong.b/onj_DURATION/processing/MESO/gridss/MESO_122/MESO_122.gridss.vcf.gridss.working/MESO_122.gridss.vcf.allocated.vcf"
	User time (seconds): 9047.14
	System time (seconds): 331.76
	Percent of CPU this job got: 512%
	Elapsed (wall clock) time (h:mm:ss or m:ss): 30:28.45
	Average shared text size (kbytes): 0
	Average unshared data size (kbytes): 0
	Average stack size (kbytes): 0
	Average total size (kbytes): 0
	Maximum resident set size (kbytes): 11301636
	Average resident set size (kbytes): 0
	Major (requiring I/O) page faults: 3
	Minor (reclaiming a frame) page faults: 2563911
	Voluntary context switches: 37690692
	Involuntary context switches: 188682
	Swaps: 0
	File system inputs: 4551040
	File system outputs: 2424
	Socket messages sent: 0
	Socket messages received: 0
	Signals delivered: 0
	Page size (bytes): 4096
	Exit status: 0
	Command being timed: "java -Xmx4g -Dreference_fasta=/home/wong.b/onj_DURATION/hg19_BW/hg19.fa -Dsamjdk.use_async_io_read_samtools=true -Dsamjdk.use_async_io_write_samtools=true -Dsamjdk.use_async_io_write_tribble=true -Dsamjdk.buffer_size=4194304 -Dgridss.output_to_temp_file=true -cp /home/wong.b/onj_DURATION/gridss_files/gridss-2.9.2//gridss-2.9.2-gridss-jar-with-dependencies.jar gridss.AnnotateInsertedSequence TMP_DIR=/home/wong.b/onj_DURATION/processing/MESO/gridss/MESO_122 WORKING_DIR=/home/wong.b/onj_DURATION/processing/MESO/gridss/MESO_122 REFERENCE_SEQUENCE=/home/wong.b/onj_DURATION/hg19_BW/hg19.fa WORKER_THREADS=8 INPUT=/home/wong.b/onj_DURATION/processing/MESO/gridss/MESO_122/MESO_122.gridss.vcf.gridss.working/MESO_122.gridss.vcf.allocated.vcf OUTPUT=/home/wong.b/onj_DURATION/processing/MESO/gridss/MESO_122/MESO_122.gridss.vcf"
	User time (seconds): 299.32
	System time (seconds): 13.19
	Percent of CPU this job got: 354%
	Elapsed (wall clock) time (h:mm:ss or m:ss): 1:28.07
	Average shared text size (kbytes): 0
	Average unshared data size (kbytes): 0
	Average stack size (kbytes): 0
	Average total size (kbytes): 0
	Maximum resident set size (kbytes): 8860820
	Average resident set size (kbytes): 0
	Major (requiring I/O) page faults: 5
	Minor (reclaiming a frame) page faults: 2226154
	Voluntary context switches: 2317208
	Involuntary context switches: 3320
	Swaps: 0
	File system inputs: 19336
	File system outputs: 168
	Socket messages sent: 0
	Socket messages received: 0
	Signals delivered: 0
	Page size (bytes): 4096
	Exit status: 0
