	Command being timed: "java -Xmx4g -Dreference_fasta=/home/wong.b/projects/onj_DURATION/gridss-purple-linx/gridss-purple-linx-master/hg19/refgenomes/Homo_sapiens.GRCh37.GATK.illumina/Homo_sapiens.GRCh37.GATK.illumina.fasta -Dsamjdk.use_async_io_read_samtools=true -Dsamjdk.use_async_io_write_samtools=true -Dsamjdk.use_async_io_write_tribble=true -Dsamjdk.buffer_size=4194304 -cp /home/wong.b/projects/onj_DURATION/gridss-purple-linx/gridss-purple-linx-master/gridss-purple-linx-v1.2.0/gridss/gridss-2.9.3-gridss-jar-with-dependencies.jar gridss.PrepareReference REFERENCE_SEQUENCE=/home/wong.b/projects/onj_DURATION/gridss-purple-linx/gridss-purple-linx-master/hg19/refgenomes/Homo_sapiens.GRCh37.GATK.illumina/Homo_sapiens.GRCh37.GATK.illumina.fasta"
	User time (seconds): 0.75
	System time (seconds): 0.07
	Percent of CPU this job got: 55%
	Elapsed (wall clock) time (h:mm:ss or m:ss): 0:01.50
	Average shared text size (kbytes): 0
	Average unshared data size (kbytes): 0
	Average stack size (kbytes): 0
	Average total size (kbytes): 0
	Maximum resident set size (kbytes): 85760
	Average resident set size (kbytes): 0
	Major (requiring I/O) page faults: 0
	Minor (reclaiming a frame) page faults: 13907
	Voluntary context switches: 2368
	Involuntary context switches: 9
	Swaps: 0
	File system inputs: 7936
	File system outputs: 1304
	Socket messages sent: 0
	Socket messages received: 0
	Signals delivered: 0
	Page size (bytes): 4096
	Exit status: 0
Command exited with non-zero status 1
	Command being timed: "java -Xmx25g -Dreference_fasta=/home/wong.b/projects/onj_DURATION/gridss-purple-linx/gridss-purple-linx-master/hg19/refgenomes/Homo_sapiens.GRCh37.GATK.illumina/Homo_sapiens.GRCh37.GATK.illumina.fasta -Dsamjdk.use_async_io_read_samtools=true -Dsamjdk.use_async_io_write_samtools=true -Dsamjdk.use_async_io_write_tribble=true -Dsamjdk.buffer_size=4194304 -Dgridss.output_to_temp_file=true -cp /home/wong.b/projects/onj_DURATION/gridss-purple-linx/gridss-purple-linx-master/gridss-purple-linx-v1.2.0/gridss/gridss-2.9.3-gridss-jar-with-dependencies.jar gridss.IdentifyVariants TMP_DIR=/home/wong.b/onj_DURATION/processing/MESO/g-p-l/four_normal_gridss/15B26293_1B/gridss WORKING_DIR=/home/wong.b/onj_DURATION/processing/MESO/g-p-l/four_normal_gridss/15B26293_1B/gridss REFERENCE_SEQUENCE=/home/wong.b/projects/onj_DURATION/gridss-purple-linx/gridss-purple-linx-master/hg19/refgenomes/Homo_sapiens.GRCh37.GATK.illumina/Homo_sapiens.GRCh37.GATK.illumina.fasta WORKER_THREADS=8 INPUT=/home/wong.b/onj_DURATION/processing/BGI_public/g-p-l/CNX0043488_process/CL1000074821_merged_mark.bam INPUT=/home/wong.b/onj_DURATION/processing/MESO/g-p-l/15B26293_1B_process/15B26293_1B_sort_mark.bam INPUT_LABEL=CL1000074821 INPUT_LABEL=15B26293_1B BLACKLIST=/home/wong.b/projects/onj_DURATION/gridss-purple-linx/gridss-purple-linx-master/hg19/dbs/gridss/ENCFF001TDO.bed ASSEMBLY=/home/wong.b/onj_DURATION/processing/MESO/g-p-l/four_normal_gridss/15B26293_1B/gridss/15B26293_1B.assembly.bam OUTPUT_VCF=/home/wong.b/onj_DURATION/processing/MESO/g-p-l/four_normal_gridss/15B26293_1B/gridss/15B26293_1B.gridss.vcf.gz.gridss.working/15B26293_1B.gridss.vcf.gz.unallocated.vcf"
	User time (seconds): 95.24
	System time (seconds): 13.37
	Percent of CPU this job got: 414%
	Elapsed (wall clock) time (h:mm:ss or m:ss): 0:26.19
	Average shared text size (kbytes): 0
	Average unshared data size (kbytes): 0
	Average stack size (kbytes): 0
	Average total size (kbytes): 0
	Maximum resident set size (kbytes): 9827588
	Average resident set size (kbytes): 0
	Major (requiring I/O) page faults: 5
	Minor (reclaiming a frame) page faults: 419299
	Voluntary context switches: 582554
	Involuntary context switches: 17350
	Swaps: 0
	File system inputs: 4204712
	File system outputs: 64
	Socket messages sent: 0
	Socket messages received: 0
	Signals delivered: 0
	Page size (bytes): 4096
	Exit status: 1
